<?xml version="1.0" encoding="UTF-8"?>
<testng-results ignored="0" total="1" passed="1" failed="0" skipped="0">
  <reporter-output>
  </reporter-output>
  <suite started-at="2022-04-09T20:53:00 IST" name="Default suite" finished-at="2022-04-09T20:53:18 IST" duration-ms="17772">
    <groups>
    </groups>
    <test started-at="2022-04-09T20:53:00 IST" name="Default test" finished-at="2022-04-09T20:53:18 IST" duration-ms="17772">
      <class name="Demo.Test.SecondProgram">
        <test-method is-config="true" signature="browserInitialization()[pri:0, instance:Demo.Test.SecondProgram@10d307f1]" started-at="2022-04-09T20:53:00 IST" name="browserInitialization" finished-at="2022-04-09T20:53:02 IST" duration-ms="1599" status="PASS">
          <reporter-output>
          </reporter-output>
        </test-method> <!-- browserInitialization -->
        <test-method signature="First()[pri:0, instance:Demo.Test.SecondProgram@10d307f1]" started-at="2022-04-09T20:53:02 IST" name="First" finished-at="2022-04-09T20:53:18 IST" duration-ms="15863" status="PASS">
          <reporter-output>
          </reporter-output>
        </test-method> <!-- First -->
        <test-method is-config="true" signature="tearDownDriver()[pri:0, instance:Demo.Test.SecondProgram@10d307f1]" started-at="2022-04-09T20:53:18 IST" name="tearDownDriver" finished-at="2022-04-09T20:53:18 IST" duration-ms="279" status="PASS">
          <reporter-output>
          </reporter-output>
        </test-method> <!-- tearDownDriver -->
      </class> <!-- Demo.Test.SecondProgram -->
    </test> <!-- Default test -->
  </suite> <!-- Default suite -->
</testng-results>
