<?xml version="1.0" encoding="UTF-8"?>
<testng-results ignored="0" total="2" passed="2" failed="0" skipped="0">
  <reporter-output>
  </reporter-output>
  <suite started-at="2022-04-10T17:08:11 IST" name="Suite" finished-at="2022-04-10T17:08:42 IST" duration-ms="30711">
    <groups>
    </groups>
    <test started-at="2022-04-10T17:08:11 IST" name="Test" finished-at="2022-04-10T17:08:42 IST" duration-ms="30711">
      <class name="Demo.Test.FirstScenarioFlipkart">
        <test-method is-config="true" signature="browserInitialization()[pri:0, instance:Demo.Test.FirstScenarioFlipkart@4d5b6aac]" started-at="2022-04-10T17:08:11 IST" name="browserInitialization" finished-at="2022-04-10T17:08:13 IST" duration-ms="1337" status="PASS">
          <reporter-output>
          </reporter-output>
        </test-method> <!-- browserInitialization -->
        <test-method signature="First()[pri:0, instance:Demo.Test.FirstScenarioFlipkart@4d5b6aac]" started-at="2022-04-10T17:08:13 IST" name="First" finished-at="2022-04-10T17:08:24 IST" duration-ms="11362" status="PASS">
          <reporter-output>
          </reporter-output>
        </test-method> <!-- First -->
        <test-method is-config="true" signature="tearDownDriver()[pri:0, instance:Demo.Test.FirstScenarioFlipkart@4d5b6aac]" started-at="2022-04-10T17:08:24 IST" name="tearDownDriver" finished-at="2022-04-10T17:08:24 IST" duration-ms="333" status="PASS">
          <reporter-output>
          </reporter-output>
        </test-method> <!-- tearDownDriver -->
      </class> <!-- Demo.Test.FirstScenarioFlipkart -->
      <class name="Demo.Test.SecondScenarioAmazon">
        <test-method is-config="true" signature="browserInitialization()[pri:0, instance:Demo.Test.SecondScenarioAmazon@4fb3ee4e]" started-at="2022-04-10T17:08:24 IST" name="browserInitialization" finished-at="2022-04-10T17:08:25 IST" duration-ms="634" status="PASS">
          <reporter-output>
          </reporter-output>
        </test-method> <!-- browserInitialization -->
        <test-method signature="First()[pri:0, instance:Demo.Test.SecondScenarioAmazon@4fb3ee4e]" started-at="2022-04-10T17:08:25 IST" name="First" finished-at="2022-04-10T17:08:42 IST" duration-ms="16761" status="PASS">
          <reporter-output>
          </reporter-output>
        </test-method> <!-- First -->
        <test-method is-config="true" signature="tearDownDriver()[pri:0, instance:Demo.Test.SecondScenarioAmazon@4fb3ee4e]" started-at="2022-04-10T17:08:42 IST" name="tearDownDriver" finished-at="2022-04-10T17:08:42 IST" duration-ms="244" status="PASS">
          <reporter-output>
          </reporter-output>
        </test-method> <!-- tearDownDriver -->
      </class> <!-- Demo.Test.SecondScenarioAmazon -->
    </test> <!-- Test -->
  </suite> <!-- Suite -->
</testng-results>
